<?xml version="1.0" encoding="UTF-8"?>
<!-- Generated by org.testng.reporters.JUnitReportReporter -->
<testsuite hostname="DESKTOP-26MPS93" failures="0" tests="6" name="com.qaselenium.testscirpts.Electronics" time="0.009" errors="0" timestamp="2022-04-01T07:22:33 IST" skipped="1">
  <testcase classname="com.qaselenium.testscirpts.Electronics" name="searchTheProductTest" time="0.005"/>
  <system-out/>
  <testcase classname="com.qaselenium.testscirpts.Electronics" name="searchTheProductTest" time="0.001"/>
  <system-out/>
  <testcase classname="com.qaselenium.testscirpts.Electronics" name="searchTheProductTest" time="0.001"/>
  <system-out/>
  <testcase classname="com.qaselenium.testscirpts.Electronics" name="addToCartTest" time="0.001"/>
  <system-out/>
  <testcase classname="com.qaselenium.testscirpts.Electronics" name="placeTheOrderTest" time="0.001"/>
  <system-out/>
  <testcase classname="com.qaselenium.testscirpts.Electronics" name="makeThePayment">
    <skipped/>
  </testcase> <!-- makeThePayment -->
  <system-out/>
</testsuite> <!-- com.qaselenium.testscirpts.Electronics -->
