<?xml version="1.0" encoding="UTF-8"?>
<!-- Generated by org.testng.reporters.JUnitReportReporter -->
<testsuite hostname="DESKTOP-26MPS93" failures="0" tests="2" name="com.qaselenium.testscirpts.TestNG" time="0.007" errors="0" timestamp="2022-04-04T07:26:01 IST" skipped="0">
  <testcase classname="com.qaselenium.testscirpts.TestNG" name="addToCartTest" time="0.004"/>
  <system-out/>
  <testcase classname="com.qaselenium.testscirpts.TestNG" name="searchForTheProductTest" time="0.003"/>
  <system-out/>
</testsuite> <!-- com.qaselenium.testscirpts.TestNG -->
