<?xml version="1.0" encoding="UTF-8"?>
<!-- Generated by org.testng.reporters.JUnitReportReporter -->
<testsuite hostname="DESKTOP-26MPS93" failures="0" tests="1" name="com.qaselenium.tesnng.PlaceTheOrder" time="3.177" errors="0" timestamp="2022-10-01T14:33:02 IST" skipped="0">
  <testcase classname="com.qaselenium.tesnng.PlaceTheOrder" name="placeTheOrderTest" time="3.177"/>
  <system-out>
    <![CDATA[Order has been placed]]>
  </system-out>
</testsuite> <!-- com.qaselenium.tesnng.PlaceTheOrder -->
