<?xml version="1.0" encoding="UTF-8"?>
<!-- Generated by org.testng.reporters.JUnitXMLReporter -->
<testsuite ignored="0" hostname="DESKTOP-26MPS93" failures="0" tests="1" name="Test-Runner1" time="12.028" errors="0" timestamp="2022-04-07T07:35:58 IST">
  <testcase classname="com.qaselenium.tesnng.AddToCart" name="addToCartTest" time="6.614"/>
</testsuite> <!-- Test-Runner1 -->
