<?xml version="1.0" encoding="UTF-8"?>
<!-- Generated by org.testng.reporters.JUnitXMLReporter -->
<testsuite ignored="0" hostname="DESKTOP-26MPS93" failures="0" tests="1" name="Test-Runner2" time="11.529" errors="0" timestamp="2022-04-07T07:35:57 IST">
  <testcase classname="com.qaselenium.tesnng.PlaceTheOrder" name="placeTheOrderTest" time="0.0"/>
</testsuite> <!-- Test-Runner2 -->
